(06-04-2021 08:49:15) [info] CoraBot v2.7.3
(06-04-2021 08:49:16) [info] Initialising bot systems...
(06-04-2021 08:49:17) [debug] prefix = c (string)
(06-04-2021 08:49:17) [debug] debug = false (boolean)
(06-04-2021 08:49:17) [debug] enabled = null (null)
(06-04-2021 08:49:17) [debug] port = 3000 (number)
(06-04-2021 08:49:17) [debug] Loaded config successfully!
(06-04-2021 08:49:17) [debug] Set clientName as corabot-discord for this session.
(06-04-2021 08:49:17) [debug] Loaded process environment variables!
(06-04-2021 08:49:17) [info] Loading bot assets...
(06-04-2021 08:49:17) [debug] Loaded activities from activities.json
(06-04-2021 08:49:17) [debug] Loaded responses from responses.json
(06-04-2021 08:49:17) [debug] Loaded crashReporter functions from crashReporter.js
(06-04-2021 08:49:17) [info] Starting dashboard server...
(06-04-2021 08:49:18) [debug] ============================================
(06-04-2021 08:49:18) [debug] Auto Moderator [ENABLED]
(06-04-2021 08:49:18) [debug] --------------------------------------------
(06-04-2021 08:49:18) [debug] WARNING! This is an experimental feature!
(06-04-2021 08:49:18) [debug] It may have weird effects on text channels.
(06-04-2021 08:49:18) [debug] --------------------------------------------
(06-04-2021 08:49:18) [debug] removeGifs [ENABLED]
(06-04-2021 08:49:18) [debug] removeImgs [DISABLED] (EXPERIMENTAL)
(06-04-2021 08:49:18) [debug] removeVids [DISABLED] (EXPERIMENTAL)
(06-04-2021 08:49:18) [debug] removeURLs [ENABLED]
(06-04-2021 08:49:18) [debug] --------------------------------------------
(06-04-2021 08:49:18) [debug] Options marked (EXPERIMENTAL) are very WIP.
(06-04-2021 08:49:18) [debug] ============================================
(06-04-2021 08:49:18) [info] Connecting to Discord...
(06-04-2021 08:49:18) [debug] Bot is Ready! Waiting for Discord Client...
(06-04-2021 08:49:18) [info] Web server connected to port 3000
(06-04-2021 08:49:19) [info] Logged in as Cora Belle Lynx#6132! (ID:438405774767554570)
(06-04-2021 08:49:19) [debug] ran task update_database
